2020-06-20 11:48:01,234 [INFO] - p.a.d.DefaultDBApi - Database [default] initialized at jdbc:h2:./database/jatos;MODE=MYSQL;DATABASE_TO_UPPER=FALSE;IGNORECASE=TRUE;DEFAULT_LOCK_TIMEOUT=10000;SELECT_FOR_UPDATE_MVCC=FALSE
2020-06-20 11:48:01,240 [INFO] - application - Creating Pool for datasource 'default'
2020-06-20 11:48:01,262 [INFO] - c.z.h.HikariDataSource - HikariPool-1 - Starting...
2020-06-20 11:48:01,283 [INFO] - c.z.h.HikariDataSource - HikariPool-1 - Start completed.
2020-06-20 11:48:01,303 [INFO] - p.a.d.HikariCPConnectionPool - datasource [default] bound to JNDI as DefaultDS
2020-06-20 11:48:01,603 [INFO] - a.e.s.Slf4jLogger - Slf4jLogger started
2020-06-20 11:48:01,782 [INFO] - n.s.e.p.s.f.AnnotationSizeOfFilter - Using regular expression provided through VM argument net.sf.ehcache.pool.sizeof.ignore.pattern for IgnoreSizeOf annotation : ^.*cache\..*IgnoreSizeOf$
2020-06-20 11:48:01,866 [INFO] - n.s.e.p.s.JvmInformation - Detected JVM data model settings of: 64-Bit OpenJDK JVM with Compressed OOPs
2020-06-20 11:48:01,901 [INFO] - n.s.e.p.s.AgentLoader - Failed to attach to VM and load the agent: class java.io.IOException: Can not attach to current VM
2020-06-20 11:48:01,903 [INFO] - n.s.e.p.i.DefaultSizeOfEngine - using Unsafe sizeof engine
2020-06-20 11:48:02,160 [INFO] - o.h.j.i.u.LogHelper - HHH000204: Processing PersistenceUnitInfo [name: mysqlPersistenceUnit]
2020-06-20 11:48:02,233 [INFO] - o.h.Version - HHH000412: Hibernate Core {5.4.2.Final}
2020-06-20 11:48:02,400 [INFO] - o.h.a.c.Version - HCANN000001: Hibernate Commons Annotations {5.1.0.Final}
2020-06-20 11:48:02,560 [INFO] - o.h.d.Dialect - HHH000400: Using dialect: org.hibernate.dialect.MySQL57Dialect
2020-06-20 11:48:02,954 [INFO] - o.h.v.i.u.Version - HV000001: Hibernate Validator 6.0.16.Final
2020-06-20 11:48:03,700 [INFO] - o.h.e.t.j.p.i.JtaPlatformInitiator - HHH000490: Using JtaPlatform implementation: [org.hibernate.engine.transaction.jta.platform.internal.NoJtaPlatform]
2020-06-20 11:48:04,394 [INFO] - g.c.Common - Path to study assets directory is /Users/pie/Downloads/jatos/study_assets_root
2020-06-20 11:48:04,395 [INFO] - g.c.Common - Path to study logs directory is /Users/pie/Downloads/jatos/study_logs
2020-06-20 11:48:04,395 [INFO] - g.c.Common - Path to uploads directory is /Users/pie/Downloads/jatos/result_uploads
2020-06-20 11:48:04,395 [WARN] - g.c.Common - User session validation is switched off. This decreases security.
2020-06-20 11:48:04,831 [INFO] - g.OnStartStop - .checkStudyAssetsRootDir: Created study assets root directory /Users/pie/Downloads/jatos/study_assets_root
2020-06-20 11:48:04,831 [INFO] - g.OnStartStop - JATOS started
2020-06-20 11:48:05,075 [INFO] - s.g.UserService - Created Admin user
2020-06-20 11:48:05,093 [INFO] - p.a.Play - Application started (Prod) (no global state)
2020-06-20 11:48:05,543 [INFO] - p.c.s.AkkaHttpServer - Listening for HTTP on /[0:0:0:0:0:0:0:0]:9000
2020-06-20 11:48:10,777 [WARN] - c.g.a.AuthenticationAction - Authentication failed: remote address 127.0.0.1 tried to access page /
2020-06-20 11:48:10,827 [INFO] - gui_access - GET /jatos/login (null)
2020-06-20 11:48:20,145 [INFO] - gui_access - POST /jatos/login (null)
2020-06-20 11:48:20,182 [WARN] - c.g.Authentication - Authentication failed: remote address 127.0.0.1 failed for username alejun@
2020-06-20 11:48:23,196 [WARN] - c.g.a.AuthenticationAction - Authentication failed: remote address 127.0.0.1 tried to access page /jatos
2020-06-20 11:48:23,204 [INFO] - gui_access - GET /jatos/login (null)
2020-06-20 11:49:09,595 [INFO] - gui_access - POST /jatos/login (null)
2020-06-20 11:49:09,794 [INFO] - gui_access - GET /jatos (admin)
2020-06-20 11:49:10,072 [INFO] - gui_access - GET /jatos/status (admin)
2020-06-20 11:49:10,074 [INFO] - gui_access - GET /jatos/studyResults/status (admin)
2020-06-20 11:49:10,098 [INFO] - gui_access - GET /jatos/releaseInfo? (admin)
2020-06-20 11:49:10,142 [INFO] - gui_access - GET /jatos/sidebarStudyList (admin)
2020-06-20 11:49:10,831 [INFO] - g.c.JatosUpdater - Checked GitHub for latest release of JATOS: v3.5.4
